2026-07-09 15:42:48,498 | INFO | get analytics request succeded.
2026-07-09 15:42:48,566 | INFO | get analytics request succeded.
2026-07-09 15:42:54,537 | ERROR | bad error occur
Traceback (most recent call last):
  File "/home/john-p-singbah/Documents/blog_api/src/routers/admins/dashboard.py", line 247, in pulish_post
    payload = decode_token(payload)
                           ^^^^^^^
UnboundLocalError: cannot access local variable 'payload' where it is not associated with a value
2026-07-09 15:44:18,867 | ERROR | bad error occur
Traceback (most recent call last):
  File "/home/john-p-singbah/Documents/blog_api/src/routers/admins/dashboard.py", line 247, in pulish_post
    payload = decode_token(payload)
                           ^^^^^^^
UnboundLocalError: cannot access local variable 'payload' where it is not associated with a value
2026-07-09 15:45:07,200 | INFO | get analytics request succeded.
2026-07-09 15:45:21,056 | INFO | get analytics request succeded.
2026-07-09 15:45:21,114 | INFO | get analytics request succeded.
2026-07-09 15:46:33,502 | INFO | get analytics request succeded.
2026-07-09 15:46:33,539 | INFO | get analytics request succeded.
2026-07-09 15:46:36,538 | INFO | get analytics request succeded.
2026-07-09 15:46:43,737 | INFO | get analytics request succeded.
2026-07-09 15:47:36,929 | INFO | get analytics request succeded.
2026-07-09 15:47:39,919 | INFO | get analytics request succeded.
2026-07-09 15:47:44,818 | WARNING | admin singbahjohn@gmail.com deleted moses@gmail.com
2026-07-09 15:47:44,857 | INFO | get analytics request succeded.
2026-07-09 15:47:51,138 | WARNING | admin singbahjohn@gmail.com deleted jimmyjames@gmail.com
2026-07-09 15:47:51,182 | INFO | get analytics request succeded.
2026-07-09 15:47:55,949 | WARNING | admin singbahjohn@gmail.com deleted singbahjohn@gmail.com
2026-07-09 15:47:56,013 | INFO | get analytics request succeded.
2026-07-09 15:48:07,048 | INFO | get analytics request succeded.
2026-07-09 15:48:55,499 | INFO | get analytics request succeded.
2026-07-09 15:48:55,538 | INFO | get analytics request succeded.
2026-07-09 16:04:14,536 | INFO | get analytics request succeded.
2026-07-09 16:04:14,551 | INFO | get analytics request succeded.
2026-07-09 16:04:20,292 | INFO | get analytics request succeded.
2026-07-09 16:06:08,649 | INFO | get analytics request succeded.
2026-07-09 16:06:08,685 | INFO | get analytics request succeded.
2026-07-09 16:14:31,418 | INFO | get analytics request succeded.
2026-07-09 16:14:31,485 | INFO | get analytics request succeded.
2026-07-09 16:14:52,139 | INFO | get analytics request succeded.
2026-07-09 16:14:52,208 | INFO | get analytics request succeded.
2026-07-09 16:15:37,696 | INFO | get analytics request succeded.
2026-07-09 16:15:37,742 | INFO | get analytics request succeded.
2026-07-09 16:16:08,244 | INFO | get analytics request succeded.
2026-07-09 16:16:08,294 | INFO | get analytics request succeded.
2026-07-09 16:16:19,138 | INFO | get analytics request succeded.
2026-07-09 16:16:19,185 | INFO | get analytics request succeded.
2026-07-09 16:24:56,097 | INFO | get analytics request succeded.
2026-07-09 16:24:56,129 | INFO | get analytics request succeded.
2026-07-09 16:24:59,436 | INFO | get analytics request succeded.
2026-07-09 16:25:02,581 | INFO | get analytics request succeded.
2026-07-09 16:25:02,673 | INFO | get analytics request succeded.
2026-07-09 16:25:55,963 | INFO | get analytics request succeded.
2026-07-09 16:25:56,004 | INFO | get analytics request succeded.
2026-07-09 16:25:58,283 | INFO | get analytics request succeded.
2026-07-09 16:25:58,309 | INFO | get analytics request succeded.
2026-07-09 16:26:01,589 | INFO | get analytics request succeded.
2026-07-09 16:26:01,615 | INFO | get analytics request succeded.
2026-07-09 16:26:05,312 | INFO | get analytics request succeded.
2026-07-09 16:26:33,498 | WARNING | admin singbahjohn@gmail.com deleted singbahjohn@gmail.com
2026-07-09 16:26:33,536 | INFO | get analytics request succeded.
2026-07-09 16:26:37,888 | WARNING | admin singbahjohn@gmail.com deleted singbahjohn@gmaol.com
2026-07-09 16:26:37,941 | INFO | get analytics request succeded.
2026-07-09 16:26:42,008 | WARNING | admin singbahjohn@gmail.com deleted moses@gmail.com
2026-07-09 16:26:42,048 | INFO | get analytics request succeded.
2026-07-09 16:29:20,567 | INFO | get analytics request succeded.
2026-07-09 16:29:20,614 | INFO | get analytics request succeded.
2026-07-09 16:29:41,877 | INFO | get analytics request succeded.
2026-07-09 16:29:41,915 | INFO | get analytics request succeded.
2026-07-09 16:29:52,919 | INFO | get analytics request succeded.
2026-07-09 16:29:52,973 | INFO | get analytics request succeded.
2026-07-09 16:30:30,560 | INFO | get analytics request succeded.
2026-07-09 16:30:30,612 | INFO | get analytics request succeded.
2026-07-09 16:30:42,080 | INFO | get analytics request succeded.
2026-07-09 16:30:42,122 | INFO | get analytics request succeded.
2026-07-09 16:30:50,588 | INFO | get analytics request succeded.
2026-07-09 16:30:50,660 | INFO | get analytics request succeded.
2026-07-09 16:32:19,233 | INFO | get analytics request succeded.
2026-07-09 16:32:19,289 | INFO | get analytics request succeded.
2026-07-09 16:32:29,285 | INFO | get analytics request succeded.
2026-07-09 16:32:29,328 | INFO | get analytics request succeded.
2026-07-09 16:33:09,935 | INFO | get analytics request succeded.
2026-07-09 16:33:09,991 | INFO | get analytics request succeded.
2026-07-09 16:33:33,481 | INFO | get analytics request succeded.
2026-07-09 16:33:33,517 | INFO | get analytics request succeded.
2026-07-09 16:33:42,067 | INFO | get analytics request succeded.
2026-07-09 16:33:42,123 | INFO | get analytics request succeded.
2026-07-09 16:34:12,555 | INFO | get analytics request succeded.
2026-07-09 16:34:12,586 | INFO | get analytics request succeded.
2026-07-09 16:34:17,097 | INFO | get analytics request succeded.
2026-07-09 16:34:17,155 | INFO | get analytics request succeded.
2026-07-09 16:38:26,995 | INFO | get analytics request succeded.
2026-07-09 16:38:27,053 | INFO | get analytics request succeded.
2026-07-09 16:38:50,532 | INFO | get analytics request succeded.
2026-07-09 16:38:50,570 | INFO | get analytics request succeded.
2026-07-09 16:40:13,432 | INFO | get analytics request succeded.
2026-07-09 16:40:13,471 | INFO | get analytics request succeded.
2026-07-09 16:41:52,466 | INFO | get analytics request succeded.
2026-07-09 16:41:52,521 | INFO | get analytics request succeded.
2026-07-09 16:42:15,257 | INFO | get analytics request succeded.
2026-07-09 16:42:15,333 | INFO | get analytics request succeded.
2026-07-09 16:43:10,741 | INFO | get analytics request succeded.
2026-07-09 16:43:10,777 | INFO | get analytics request succeded.
2026-07-09 16:43:26,479 | INFO | get analytics request succeded.
2026-07-09 16:43:26,543 | INFO | get analytics request succeded.
2026-07-09 16:43:42,178 | INFO | get analytics request succeded.
2026-07-09 16:43:42,238 | INFO | get analytics request succeded.
2026-07-09 16:44:40,543 | INFO | get analytics request succeded.
2026-07-09 16:44:40,580 | INFO | get analytics request succeded.
2026-07-09 16:45:29,677 | INFO | get analytics request succeded.
2026-07-09 16:45:29,720 | INFO | get analytics request succeded.
2026-07-09 16:45:40,341 | INFO | get analytics request succeded.
2026-07-09 16:45:40,373 | INFO | get analytics request succeded.
2026-07-09 16:46:34,694 | INFO | get analytics request succeded.
2026-07-09 16:46:34,725 | INFO | get analytics request succeded.
2026-07-09 16:47:43,015 | INFO | get analytics request succeded.
2026-07-09 16:47:43,049 | INFO | get analytics request succeded.
2026-07-09 16:47:49,191 | INFO | get analytics request succeded.
2026-07-09 16:47:49,228 | INFO | get analytics request succeded.
2026-07-09 16:48:10,194 | INFO | get analytics request succeded.
2026-07-09 16:48:10,276 | INFO | get analytics request succeded.
2026-07-09 16:48:33,708 | INFO | get analytics request succeded.
2026-07-09 16:48:33,747 | INFO | get analytics request succeded.
2026-07-09 16:49:14,358 | INFO | get analytics request succeded.
2026-07-09 16:49:14,396 | INFO | get analytics request succeded.
2026-07-09 16:49:58,665 | INFO | get analytics request succeded.
2026-07-09 16:49:58,702 | INFO | get analytics request succeded.
2026-07-09 16:50:14,016 | INFO | get analytics request succeded.
2026-07-09 16:50:14,053 | INFO | get analytics request succeded.
2026-07-09 16:50:52,329 | INFO | get analytics request succeded.
2026-07-09 16:50:52,367 | INFO | get analytics request succeded.
2026-07-09 16:52:13,987 | INFO | get analytics request succeded.
2026-07-09 16:52:14,033 | INFO | get analytics request succeded.
2026-07-09 16:52:45,025 | INFO | get analytics request succeded.
2026-07-09 16:52:45,059 | INFO | get analytics request succeded.
2026-07-09 16:53:36,583 | INFO | get analytics request succeded.
2026-07-09 16:53:36,616 | INFO | get analytics request succeded.
2026-07-09 16:53:58,163 | INFO | get analytics request succeded.
2026-07-09 16:53:58,212 | INFO | get analytics request succeded.
2026-07-09 16:54:09,245 | INFO | get analytics request succeded.
2026-07-09 16:54:09,280 | INFO | get analytics request succeded.
2026-07-09 16:55:51,870 | INFO | get analytics request succeded.
2026-07-09 16:55:51,903 | INFO | get analytics request succeded.
2026-07-09 16:56:47,042 | INFO | get analytics request succeded.
2026-07-09 16:56:47,088 | INFO | get analytics request succeded.
